---------------------------------------------------------------
[ 2023-05-07T00:54:57+08:00 ] 0.0.0.0 GET localhost/index.php/api/collection
[运行时间：1.701287s] [吞吐率：0.59req/s] [内存消耗：6,563.66kb] [文件加载：141]
[ info ] [ BEHAVIOR ] Run Closure @app_init [ RunTime:0.000466s ]
[ info ] [ CACHE ] INIT File
[ info ] [ BEHAVIOR ] Run Closure @app_init [ RunTime:0.003249s ]
[ info ] [ BEHAVIOR ] Run app\common\behavior\Common @app_init [ RunTime:0.001335s ]
[ info ] [ LANG ] E:\Source\lottery\thinkphp\lang\zh-cn.php
[ info ] [ BEHAVIOR ] Run app\common\behavior\Common @app_dispatch [ RunTime:0.000017s ]
[ info ] [ ROUTE ] array (
  'type' => 'module',
  'module' => 
  array (
    0 => 'api',
    1 => 'collection',
    2 => NULL,
  ),
)
[ info ] [ HEADER ] array (
  'cookie' => 'Webstorm-490765bb=e82deac1-a4ba-4a05-a73d-ad4034c9f5cd; msg=1; user=%7B%22id%22%3A12%2C%22username%22%3A%22a383359959%22%2C%22email%22%3A%22383359959%40qq.com%22%2C%22token%22%3A%229302913B771941389122F96167D93BD4%22%2C%22vip_end_time%22%3A%222023-06-04%2014%3A57%3A14%22%7D',
  'accept-language' => 'zh-CN,zh;q=0.9,en;q=0.8',
  'accept-encoding' => 'gzip, deflate, br',
  'sec-fetch-dest' => 'document',
  'sec-fetch-user' => '?1',
  'sec-fetch-mode' => 'navigate',
  'sec-fetch-site' => 'none',
  'accept' => 'text/html,application/xhtml+xml,application/xml;q=0.9,image/avif,image/webp,image/apng,*/*;q=0.8,application/signed-exchange;v=b3;q=0.7',
  'user-agent' => 'Mozilla/5.0 (Windows NT 10.0; Win64; x64) AppleWebKit/537.36 (KHTML, like Gecko) Chrome/112.0.0.0 Safari/537.36',
  'upgrade-insecure-requests' => '1',
  'sec-ch-ua-platform' => '"Windows"',
  'sec-ch-ua-mobile' => '?0',
  'sec-ch-ua' => '"Chromium";v="112", "Google Chrome";v="112", "Not:A-Brand";v="99"',
  'connection' => 'close',
  'host' => 'localhost',
)
[ info ] [ PARAM ] array (
)
[ info ] [ LANG ] E:\Source\lottery\public/../application/api\lang\zh-cn.php
[ info ] [ BEHAVIOR ] Run app\common\behavior\Common @module_init [ RunTime:0.001488s ]
[ info ] [ RUN ] app\api\controller\Collection->index[ E:\Source\lottery\application\api\controller\Collection.php ]
[ info ] [ DB ] INIT mysql
[ info ] [ LOG ] INIT File
