---------------------------------------------------------------
[ 2023-09-15T23:30:06+08:00 ] 106.57.166.206 GET 001.shanxi0357.cn/api/home?user_id=13
[运行时间：0.086975s] [吞吐率：11.50req/s] [内存消耗：4,112.64kb] [文件加载：88]
[ info ] [ BEHAVIOR ] Run Closure @app_init [ RunTime:0.000035s ]
[ info ] [ CACHE ] INIT File
[ info ] [ BEHAVIOR ] Run Closure @app_init [ RunTime:0.002350s ]
[ info ] [ BEHAVIOR ] Run app\common\behavior\Common @app_init [ RunTime:0.000966s ]
[ info ] [ LANG ] /www/wwwroot/001.shanxi0357.cn/thinkphp/lang/zh-cn.php
[ info ] [ BEHAVIOR ] Run app\common\behavior\Common @app_dispatch [ RunTime:0.000053s ]
[ info ] [ ROUTE ] array (
  'type' => 'module',
  'module' => 
  array (
    0 => 'api',
    1 => 'home',
    2 => NULL,
  ),
)
[ info ] [ HEADER ] array (
  'accept-encoding' => 'gzip, deflate, br',
  'referer' => 'https://servicewechat.com/wx60ef57f6ef1f463e/devtools/page-frame.html',
  'sec-fetch-dest' => 'empty',
  'sec-fetch-mode' => 'cors',
  'sec-fetch-site' => 'cross-site',
  'accept' => '*/*',
  'content-type' => 'application/json',
  'user-agent' => 'Mozilla/5.0 (iPhone; CPU iPhone OS 11_0 like Mac OS X) AppleWebKit/604.1.38 (KHTML, like Gecko) Version/11.0 Mobile/15A372 Safari/604.1 wechatdevtools/1.06.2307260 MicroMessenger/8.0.5 Language/zh_CN webview/',
  'connection' => 'keep-alive',
  'host' => '001.shanxi0357.cn',
  'content-length' => '',
)
[ info ] [ PARAM ] array (
  'user_id' => '13',
)
[ info ] [ LANG ] /www/wwwroot/001.shanxi0357.cn/public/../application/api/lang/zh-cn.php
[ info ] [ BEHAVIOR ] Run app\common\behavior\Common @module_init [ RunTime:0.002210s ]
[ info ] [ RUN ] app\api\controller\Home->index[ /www/wwwroot/001.shanxi0357.cn/application/api/controller/Home.php ]
[ info ] [ DB ] INIT mysql
[ info ] [ LOG ] INIT File
---------------------------------------------------------------
[ 2023-09-15T23:30:06+08:00 ] 106.57.166.206 GET 001.shanxi0357.cn/api/user/login?code=0e3cqg000egcHQ1kRW000ZapRg2cqg0r
[运行时间：0.365180s] [吞吐率：2.74req/s] [内存消耗：4,385.16kb] [文件加载：93]
[ info ] [ BEHAVIOR ] Run Closure @app_init [ RunTime:0.000030s ]
[ info ] [ CACHE ] INIT File
[ info ] [ BEHAVIOR ] Run Closure @app_init [ RunTime:0.002261s ]
[ info ] [ BEHAVIOR ] Run app\common\behavior\Common @app_init [ RunTime:0.000898s ]
[ info ] [ LANG ] /www/wwwroot/001.shanxi0357.cn/thinkphp/lang/zh-cn.php
[ info ] [ BEHAVIOR ] Run app\common\behavior\Common @app_dispatch [ RunTime:0.000040s ]
[ info ] [ ROUTE ] array (
  'type' => 'module',
  'module' => 
  array (
    0 => 'api',
    1 => 'user',
    2 => 'login',
  ),
)
[ info ] [ HEADER ] array (
  'accept-encoding' => 'gzip, deflate, br',
  'referer' => 'https://servicewechat.com/wx60ef57f6ef1f463e/devtools/page-frame.html',
  'sec-fetch-dest' => 'empty',
  'sec-fetch-mode' => 'cors',
  'sec-fetch-site' => 'cross-site',
  'accept' => '*/*',
  'content-type' => 'application/json',
  'user-agent' => 'Mozilla/5.0 (iPhone; CPU iPhone OS 11_0 like Mac OS X) AppleWebKit/604.1.38 (KHTML, like Gecko) Version/11.0 Mobile/15A372 Safari/604.1 wechatdevtools/1.06.2307260 MicroMessenger/8.0.5 Language/zh_CN webview/',
  'connection' => 'keep-alive',
  'host' => '001.shanxi0357.cn',
  'content-length' => '',
)
[ info ] [ PARAM ] array (
  'code' => '0e3cqg000egcHQ1kRW000ZapRg2cqg0r',
)
[ info ] [ LANG ] /www/wwwroot/001.shanxi0357.cn/public/../application/api/lang/zh-cn.php
[ info ] [ BEHAVIOR ] Run app\common\behavior\Common @module_init [ RunTime:0.002125s ]
[ info ] [ LANG ] /www/wwwroot/001.shanxi0357.cn/public/../application/api/lang/zh-cn/user.php
[ info ] [ RUN ] app\api\controller\User->login[ /www/wwwroot/001.shanxi0357.cn/application/api/controller/User.php ]
[ info ] [ DB ] INIT mysql
[ info ] [ LOG ] INIT File
---------------------------------------------------------------
[ 2023-09-15T23:30:12+08:00 ] 106.57.166.206 GET 001.shanxi0357.cn/api/home/getList?type=1&page=1
[运行时间：0.068888s] [吞吐率：14.52req/s] [内存消耗：4,113.02kb] [文件加载：88]
[ info ] [ BEHAVIOR ] Run Closure @app_init [ RunTime:0.000032s ]
[ info ] [ CACHE ] INIT File
[ info ] [ BEHAVIOR ] Run Closure @app_init [ RunTime:0.002451s ]
[ info ] [ BEHAVIOR ] Run app\common\behavior\Common @app_init [ RunTime:0.000910s ]
[ info ] [ LANG ] /www/wwwroot/001.shanxi0357.cn/thinkphp/lang/zh-cn.php
[ info ] [ BEHAVIOR ] Run app\common\behavior\Common @app_dispatch [ RunTime:0.000041s ]
[ info ] [ ROUTE ] array (
  'type' => 'module',
  'module' => 
  array (
    0 => 'api',
    1 => 'home',
    2 => 'getList',
  ),
)
[ info ] [ HEADER ] array (
  'accept-encoding' => 'gzip, deflate, br',
  'referer' => 'https://servicewechat.com/wx60ef57f6ef1f463e/devtools/page-frame.html',
  'sec-fetch-dest' => 'empty',
  'sec-fetch-mode' => 'cors',
  'sec-fetch-site' => 'cross-site',
  'accept' => '*/*',
  'content-type' => 'application/json',
  'user-agent' => 'Mozilla/5.0 (iPhone; CPU iPhone OS 11_0 like Mac OS X) AppleWebKit/604.1.38 (KHTML, like Gecko) Version/11.0 Mobile/15A372 Safari/604.1 wechatdevtools/1.06.2307260 MicroMessenger/8.0.5 Language/zh_CN webview/',
  'connection' => 'keep-alive',
  'host' => '001.shanxi0357.cn',
  'content-length' => '',
)
[ info ] [ PARAM ] array (
  'type' => '1',
  'page' => '1',
)
[ info ] [ LANG ] /www/wwwroot/001.shanxi0357.cn/public/../application/api/lang/zh-cn.php
[ info ] [ BEHAVIOR ] Run app\common\behavior\Common @module_init [ RunTime:0.002245s ]
[ info ] [ RUN ] app\api\controller\Home->getList[ /www/wwwroot/001.shanxi0357.cn/application/api/controller/Home.php ]
[ info ] [ DB ] INIT mysql
[ info ] [ LOG ] INIT File
---------------------------------------------------------------
[ 2023-09-15T23:31:03+08:00 ] 123.206.57.217 GET 001.shanxi0357.cn/api/Collection
[运行时间：1.228451s] [吞吐率：0.81req/s] [内存消耗：6,247.68kb] [文件加载：144]
[ info ] [ BEHAVIOR ] Run Closure @app_init [ RunTime:0.000034s ]
[ info ] [ CACHE ] INIT File
[ info ] [ BEHAVIOR ] Run Closure @app_init [ RunTime:0.002346s ]
[ info ] [ BEHAVIOR ] Run app\common\behavior\Common @app_init [ RunTime:0.000902s ]
[ info ] [ LANG ] /www/wwwroot/001.shanxi0357.cn/thinkphp/lang/zh-cn.php
[ info ] [ BEHAVIOR ] Run app\common\behavior\Common @app_dispatch [ RunTime:0.000041s ]
[ info ] [ ROUTE ] array (
  'type' => 'module',
  'module' => 
  array (
    0 => 'api',
    1 => 'Collection',
    2 => NULL,
  ),
)
[ info ] [ HEADER ] array (
  'accept' => '*/*',
  'user-agent' => 'curl/7.61.1',
  'host' => '001.shanxi0357.cn',
  'content-length' => '',
  'content-type' => '',
)
[ info ] [ PARAM ] array (
)
[ info ] [ LANG ] /www/wwwroot/001.shanxi0357.cn/public/../application/api/lang/zh-cn.php
[ info ] [ BEHAVIOR ] Run app\common\behavior\Common @module_init [ RunTime:0.002422s ]
[ info ] [ RUN ] app\api\controller\Collection->index[ /www/wwwroot/001.shanxi0357.cn/application/api/controller/Collection.php ]
[ info ] [ DB ] INIT mysql
[ info ] [ LOG ] INIT File
---------------------------------------------------------------
[ 2023-09-15T23:32:02+08:00 ] 123.206.57.217 GET 001.shanxi0357.cn/api/Collection
[运行时间：1.082703s] [吞吐率：0.92req/s] [内存消耗：6,247.68kb] [文件加载：144]
[ info ] [ BEHAVIOR ] Run Closure @app_init [ RunTime:0.000044s ]
[ info ] [ CACHE ] INIT File
[ info ] [ BEHAVIOR ] Run Closure @app_init [ RunTime:0.002536s ]
[ info ] [ BEHAVIOR ] Run app\common\behavior\Common @app_init [ RunTime:0.000979s ]
[ info ] [ LANG ] /www/wwwroot/001.shanxi0357.cn/thinkphp/lang/zh-cn.php
[ info ] [ BEHAVIOR ] Run app\common\behavior\Common @app_dispatch [ RunTime:0.000051s ]
[ info ] [ ROUTE ] array (
  'type' => 'module',
  'module' => 
  array (
    0 => 'api',
    1 => 'Collection',
    2 => NULL,
  ),
)
[ info ] [ HEADER ] array (
  'accept' => '*/*',
  'user-agent' => 'curl/7.61.1',
  'host' => '001.shanxi0357.cn',
  'content-length' => '',
  'content-type' => '',
)
[ info ] [ PARAM ] array (
)
[ info ] [ LANG ] /www/wwwroot/001.shanxi0357.cn/public/../application/api/lang/zh-cn.php
[ info ] [ BEHAVIOR ] Run app\common\behavior\Common @module_init [ RunTime:0.002447s ]
[ info ] [ RUN ] app\api\controller\Collection->index[ /www/wwwroot/001.shanxi0357.cn/application/api/controller/Collection.php ]
[ info ] [ DB ] INIT mysql
[ info ] [ LOG ] INIT File
---------------------------------------------------------------
[ 2023-09-15T23:32:43+08:00 ] 106.57.166.206 GET 001.shanxi0357.cn/api/home/getList?type=1&page=1
[运行时间：0.069446s] [吞吐率：14.40req/s] [内存消耗：4,114.18kb] [文件加载：88]
[ info ] [ BEHAVIOR ] Run Closure @app_init [ RunTime:0.000035s ]
[ info ] [ CACHE ] INIT File
[ info ] [ BEHAVIOR ] Run Closure @app_init [ RunTime:0.002872s ]
[ info ] [ BEHAVIOR ] Run app\common\behavior\Common @app_init [ RunTime:0.000950s ]
[ info ] [ LANG ] /www/wwwroot/001.shanxi0357.cn/thinkphp/lang/zh-cn.php
[ info ] [ BEHAVIOR ] Run app\common\behavior\Common @app_dispatch [ RunTime:0.000043s ]
[ info ] [ ROUTE ] array (
  'type' => 'module',
  'module' => 
  array (
    0 => 'api',
    1 => 'home',
    2 => 'getList',
  ),
)
[ info ] [ HEADER ] array (
  'accept-language' => 'zh-CN,zh;q=0.9',
  'accept-encoding' => 'gzip, deflate, br',
  'sec-fetch-dest' => 'document',
  'sec-fetch-user' => '?1',
  'sec-fetch-mode' => 'navigate',
  'sec-fetch-site' => 'none',
  'accept' => 'text/html,application/xhtml+xml,application/xml;q=0.9,image/avif,image/webp,image/apng,*/*;q=0.8,application/signed-exchange;v=b3;q=0.7',
  'user-agent' => 'Mozilla/5.0 (Macintosh; Intel Mac OS X 10_15_7) AppleWebKit/537.36 (KHTML, like Gecko) Chrome/116.0.0.0 Safari/537.36',
  'upgrade-insecure-requests' => '1',
  'sec-ch-ua-platform' => '"macOS"',
  'sec-ch-ua-mobile' => '?0',
  'sec-ch-ua' => '"Chromium";v="116", "Not)A;Brand";v="24", "Google Chrome";v="116"',
  'host' => '001.shanxi0357.cn',
  'content-length' => '',
  'content-type' => '',
)
[ info ] [ PARAM ] array (
  'type' => '1',
  'page' => '1',
)
[ info ] [ LANG ] /www/wwwroot/001.shanxi0357.cn/public/../application/api/lang/zh-cn.php
[ info ] [ BEHAVIOR ] Run app\common\behavior\Common @module_init [ RunTime:0.002428s ]
[ info ] [ RUN ] app\api\controller\Home->getList[ /www/wwwroot/001.shanxi0357.cn/application/api/controller/Home.php ]
[ info ] [ DB ] INIT mysql
[ info ] [ LOG ] INIT File
---------------------------------------------------------------
[ 2023-09-15T23:32:44+08:00 ] 106.57.166.206 GET 001.shanxi0357.cn/favicon.ico
[运行时间：0.042482s] [吞吐率：23.54req/s] [内存消耗：2,680.88kb] [文件加载：73]
[ info ] [ BEHAVIOR ] Run Closure @app_init [ RunTime:0.000049s ]
[ info ] [ CACHE ] INIT File
[ info ] [ BEHAVIOR ] Run Closure @app_init [ RunTime:0.002356s ]
[ info ] [ BEHAVIOR ] Run app\common\behavior\Common @app_init [ RunTime:0.000927s ]
[ info ] [ LANG ] /www/wwwroot/001.shanxi0357.cn/thinkphp/lang/zh-cn.php
[ info ] [ BEHAVIOR ] Run app\common\behavior\Common @app_dispatch [ RunTime:0.000042s ]
[ info ] [ ROUTE ] array (
  'type' => 'module',
  'module' => 
  array (
    0 => 'favicon.ico',
    1 => NULL,
    2 => NULL,
  ),
)
[ info ] [ HEADER ] array (
  'accept-language' => 'zh-CN,zh;q=0.9',
  'accept-encoding' => 'gzip, deflate, br',
  'referer' => 'https://001.shanxi0357.cn/api/home/getList?type=1&page=1',
  'sec-fetch-dest' => 'image',
  'sec-fetch-mode' => 'no-cors',
  'sec-fetch-site' => 'same-origin',
  'accept' => 'image/avif,image/webp,image/apng,image/svg+xml,image/*,*/*;q=0.8',
  'sec-ch-ua-platform' => '"macOS"',
  'user-agent' => 'Mozilla/5.0 (Macintosh; Intel Mac OS X 10_15_7) AppleWebKit/537.36 (KHTML, like Gecko) Chrome/116.0.0.0 Safari/537.36',
  'sec-ch-ua-mobile' => '?0',
  'sec-ch-ua' => '"Chromium";v="116", "Not)A;Brand";v="24", "Google Chrome";v="116"',
  'host' => '001.shanxi0357.cn',
  'content-length' => '',
  'content-type' => '',
)
[ info ] [ PARAM ] array (
)
[ info ] [ LOG ] INIT File
---------------------------------------------------------------
[ 2023-09-15T23:33:03+08:00 ] 123.206.57.217 GET 001.shanxi0357.cn/api/Collection
[运行时间：1.058417s] [吞吐率：0.94req/s] [内存消耗：6,247.68kb] [文件加载：144]
[ info ] [ BEHAVIOR ] Run Closure @app_init [ RunTime:0.000031s ]
[ info ] [ CACHE ] INIT File
[ info ] [ BEHAVIOR ] Run Closure @app_init [ RunTime:0.002546s ]
[ info ] [ BEHAVIOR ] Run app\common\behavior\Common @app_init [ RunTime:0.000920s ]
[ info ] [ LANG ] /www/wwwroot/001.shanxi0357.cn/thinkphp/lang/zh-cn.php
[ info ] [ BEHAVIOR ] Run app\common\behavior\Common @app_dispatch [ RunTime:0.000048s ]
[ info ] [ ROUTE ] array (
  'type' => 'module',
  'module' => 
  array (
    0 => 'api',
    1 => 'Collection',
    2 => NULL,
  ),
)
[ info ] [ HEADER ] array (
  'accept' => '*/*',
  'user-agent' => 'curl/7.61.1',
  'host' => '001.shanxi0357.cn',
  'content-length' => '',
  'content-type' => '',
)
[ info ] [ PARAM ] array (
)
[ info ] [ LANG ] /www/wwwroot/001.shanxi0357.cn/public/../application/api/lang/zh-cn.php
[ info ] [ BEHAVIOR ] Run app\common\behavior\Common @module_init [ RunTime:0.002316s ]
[ info ] [ RUN ] app\api\controller\Collection->index[ /www/wwwroot/001.shanxi0357.cn/application/api/controller/Collection.php ]
[ info ] [ DB ] INIT mysql
[ info ] [ LOG ] INIT File
---------------------------------------------------------------
[ 2023-09-15T23:33:36+08:00 ] 110.182.158.20 GET 001.shanxi0357.cn/api/home/getList?type=1&page=1
[运行时间：0.068183s] [吞吐率：14.67req/s] [内存消耗：4,117.46kb] [文件加载：88]
[ info ] [ BEHAVIOR ] Run Closure @app_init [ RunTime:0.000033s ]
[ info ] [ CACHE ] INIT File
[ info ] [ BEHAVIOR ] Run Closure @app_init [ RunTime:0.002459s ]
[ info ] [ BEHAVIOR ] Run app\common\behavior\Common @app_init [ RunTime:0.000959s ]
[ info ] [ LANG ] /www/wwwroot/001.shanxi0357.cn/thinkphp/lang/zh-cn.php
[ info ] [ BEHAVIOR ] Run app\common\behavior\Common @app_dispatch [ RunTime:0.000042s ]
[ info ] [ ROUTE ] array (
  'type' => 'module',
  'module' => 
  array (
    0 => 'api',
    1 => 'home',
    2 => 'getList',
  ),
)
[ info ] [ HEADER ] array (
  'cookie' => 'mp_26433277a36e1c21e20a91a7c2bb8f55_mixpanel=%7B%22distinct_id%22%3A%20%22liangshuangisme%40gmail.com%22%2C%22%24device_id%22%3A%20%22189fe0b1a61e81-0c4566cf3e6d28-1a525634-157188-189fe0b1a6222c%22%2C%22%24initial_referrer%22%3A%20%22http%3A%2F%2F123.206.57.217%3A8888%2F%22%2C%22%24initial_referring_domain%22%3A%20%22123.206.57.217%3A8888%22%2C%22%24user_id%22%3A%20%22liangshuangisme%40gmail.com%22%7D; PHPSESSID=ot7bv7r5rrh9sjsuevct0kt9du; think_var=zh-cn',
  'accept-language' => 'zh-CN,zh;q=0.9',
  'accept-encoding' => 'gzip, deflate, br',
  'sec-fetch-dest' => 'document',
  'sec-fetch-user' => '?1',
  'sec-fetch-mode' => 'navigate',
  'sec-fetch-site' => 'none',
  'accept' => 'text/html,application/xhtml+xml,application/xml;q=0.9,image/avif,image/webp,image/apng,*/*;q=0.8,application/signed-exchange;v=b3;q=0.7',
  'user-agent' => 'Mozilla/5.0 (Macintosh; Intel Mac OS X 10_15_7) AppleWebKit/537.36 (KHTML, like Gecko) Chrome/116.0.0.0 Safari/537.36',
  'upgrade-insecure-requests' => '1',
  'sec-ch-ua-platform' => '"macOS"',
  'sec-ch-ua-mobile' => '?0',
  'sec-ch-ua' => '"Chromium";v="116", "Not)A;Brand";v="24", "Google Chrome";v="116"',
  'host' => '001.shanxi0357.cn',
  'content-length' => '',
  'content-type' => '',
)
[ info ] [ PARAM ] array (
  'type' => '1',
  'page' => '1',
)
[ info ] [ LANG ] /www/wwwroot/001.shanxi0357.cn/public/../application/api/lang/zh-cn.php
[ info ] [ BEHAVIOR ] Run app\common\behavior\Common @module_init [ RunTime:0.002438s ]
[ info ] [ RUN ] app\api\controller\Home->getList[ /www/wwwroot/001.shanxi0357.cn/application/api/controller/Home.php ]
[ info ] [ DB ] INIT mysql
[ info ] [ LOG ] INIT File
---------------------------------------------------------------
[ 2023-09-15T23:33:36+08:00 ] 110.182.158.20 GET 001.shanxi0357.cn/favicon.ico
[运行时间：0.043289s] [吞吐率：23.10req/s] [内存消耗：2,683.79kb] [文件加载：73]
[ info ] [ BEHAVIOR ] Run Closure @app_init [ RunTime:0.000034s ]
[ info ] [ CACHE ] INIT File
[ info ] [ BEHAVIOR ] Run Closure @app_init [ RunTime:0.002376s ]
[ info ] [ BEHAVIOR ] Run app\common\behavior\Common @app_init [ RunTime:0.000922s ]
[ info ] [ LANG ] /www/wwwroot/001.shanxi0357.cn/thinkphp/lang/zh-cn.php
[ info ] [ BEHAVIOR ] Run app\common\behavior\Common @app_dispatch [ RunTime:0.000039s ]
[ info ] [ ROUTE ] array (
  'type' => 'module',
  'module' => 
  array (
    0 => 'favicon.ico',
    1 => NULL,
    2 => NULL,
  ),
)
[ info ] [ HEADER ] array (
  'cookie' => 'mp_26433277a36e1c21e20a91a7c2bb8f55_mixpanel=%7B%22distinct_id%22%3A%20%22liangshuangisme%40gmail.com%22%2C%22%24device_id%22%3A%20%22189fe0b1a61e81-0c4566cf3e6d28-1a525634-157188-189fe0b1a6222c%22%2C%22%24initial_referrer%22%3A%20%22http%3A%2F%2F123.206.57.217%3A8888%2F%22%2C%22%24initial_referring_domain%22%3A%20%22123.206.57.217%3A8888%22%2C%22%24user_id%22%3A%20%22liangshuangisme%40gmail.com%22%7D; PHPSESSID=ot7bv7r5rrh9sjsuevct0kt9du; think_var=zh-cn',
  'accept-language' => 'zh-CN,zh;q=0.9',
  'accept-encoding' => 'gzip, deflate, br',
  'referer' => 'https://001.shanxi0357.cn/api/home/getList?type=1&page=1',
  'sec-fetch-dest' => 'image',
  'sec-fetch-mode' => 'no-cors',
  'sec-fetch-site' => 'same-origin',
  'accept' => 'image/avif,image/webp,image/apng,image/svg+xml,image/*,*/*;q=0.8',
  'sec-ch-ua-platform' => '"macOS"',
  'user-agent' => 'Mozilla/5.0 (Macintosh; Intel Mac OS X 10_15_7) AppleWebKit/537.36 (KHTML, like Gecko) Chrome/116.0.0.0 Safari/537.36',
  'sec-ch-ua-mobile' => '?0',
  'sec-ch-ua' => '"Chromium";v="116", "Not)A;Brand";v="24", "Google Chrome";v="116"',
  'host' => '001.shanxi0357.cn',
  'content-length' => '',
  'content-type' => '',
)
[ info ] [ PARAM ] array (
)
[ info ] [ LOG ] INIT File
---------------------------------------------------------------
[ 2023-09-15T23:34:02+08:00 ] 123.206.57.217 GET 001.shanxi0357.cn/api/Collection
[运行时间：1.099568s] [吞吐率：0.91req/s] [内存消耗：6,247.68kb] [文件加载：144]
[ info ] [ BEHAVIOR ] Run Closure @app_init [ RunTime:0.000037s ]
[ info ] [ CACHE ] INIT File
[ info ] [ BEHAVIOR ] Run Closure @app_init [ RunTime:0.002572s ]
[ info ] [ BEHAVIOR ] Run app\common\behavior\Common @app_init [ RunTime:0.000883s ]
[ info ] [ LANG ] /www/wwwroot/001.shanxi0357.cn/thinkphp/lang/zh-cn.php
[ info ] [ BEHAVIOR ] Run app\common\behavior\Common @app_dispatch [ RunTime:0.000040s ]
[ info ] [ ROUTE ] array (
  'type' => 'module',
  'module' => 
  array (
    0 => 'api',
    1 => 'Collection',
    2 => NULL,
  ),
)
[ info ] [ HEADER ] array (
  'accept' => '*/*',
  'user-agent' => 'curl/7.61.1',
  'host' => '001.shanxi0357.cn',
  'content-length' => '',
  'content-type' => '',
)
[ info ] [ PARAM ] array (
)
[ info ] [ LANG ] /www/wwwroot/001.shanxi0357.cn/public/../application/api/lang/zh-cn.php
[ info ] [ BEHAVIOR ] Run app\common\behavior\Common @module_init [ RunTime:0.002443s ]
[ info ] [ RUN ] app\api\controller\Collection->index[ /www/wwwroot/001.shanxi0357.cn/application/api/controller/Collection.php ]
[ info ] [ DB ] INIT mysql
[ info ] [ LOG ] INIT File
---------------------------------------------------------------
[ 2023-09-15T23:35:02+08:00 ] 123.206.57.217 GET 001.shanxi0357.cn/api/Collection
[运行时间：1.070631s] [吞吐率：0.93req/s] [内存消耗：6,247.68kb] [文件加载：144]
[ info ] [ BEHAVIOR ] Run Closure @app_init [ RunTime:0.000041s ]
[ info ] [ CACHE ] INIT File
[ info ] [ BEHAVIOR ] Run Closure @app_init [ RunTime:0.002632s ]
[ info ] [ BEHAVIOR ] Run app\common\behavior\Common @app_init [ RunTime:0.000993s ]
[ info ] [ LANG ] /www/wwwroot/001.shanxi0357.cn/thinkphp/lang/zh-cn.php
[ info ] [ BEHAVIOR ] Run app\common\behavior\Common @app_dispatch [ RunTime:0.000043s ]
[ info ] [ ROUTE ] array (
  'type' => 'module',
  'module' => 
  array (
    0 => 'api',
    1 => 'Collection',
    2 => NULL,
  ),
)
[ info ] [ HEADER ] array (
  'accept' => '*/*',
  'user-agent' => 'curl/7.61.1',
  'host' => '001.shanxi0357.cn',
  'content-length' => '',
  'content-type' => '',
)
[ info ] [ PARAM ] array (
)
[ info ] [ LANG ] /www/wwwroot/001.shanxi0357.cn/public/../application/api/lang/zh-cn.php
[ info ] [ BEHAVIOR ] Run app\common\behavior\Common @module_init [ RunTime:0.002376s ]
[ info ] [ RUN ] app\api\controller\Collection->index[ /www/wwwroot/001.shanxi0357.cn/application/api/controller/Collection.php ]
[ info ] [ DB ] INIT mysql
[ info ] [ LOG ] INIT File
---------------------------------------------------------------
[ 2023-09-15T23:36:03+08:00 ] 123.206.57.217 GET 001.shanxi0357.cn/api/Collection
[运行时间：1.134782s] [吞吐率：0.88req/s] [内存消耗：6,247.68kb] [文件加载：144]
[ info ] [ BEHAVIOR ] Run Closure @app_init [ RunTime:0.000035s ]
[ info ] [ CACHE ] INIT File
[ info ] [ BEHAVIOR ] Run Closure @app_init [ RunTime:0.002602s ]
[ info ] [ BEHAVIOR ] Run app\common\behavior\Common @app_init [ RunTime:0.001068s ]
[ info ] [ LANG ] /www/wwwroot/001.shanxi0357.cn/thinkphp/lang/zh-cn.php
[ info ] [ BEHAVIOR ] Run app\common\behavior\Common @app_dispatch [ RunTime:0.000044s ]
[ info ] [ ROUTE ] array (
  'type' => 'module',
  'module' => 
  array (
    0 => 'api',
    1 => 'Collection',
    2 => NULL,
  ),
)
[ info ] [ HEADER ] array (
  'accept' => '*/*',
  'user-agent' => 'curl/7.61.1',
  'host' => '001.shanxi0357.cn',
  'content-length' => '',
  'content-type' => '',
)
[ info ] [ PARAM ] array (
)
[ info ] [ LANG ] /www/wwwroot/001.shanxi0357.cn/public/../application/api/lang/zh-cn.php
[ info ] [ BEHAVIOR ] Run app\common\behavior\Common @module_init [ RunTime:0.002538s ]
[ info ] [ RUN ] app\api\controller\Collection->index[ /www/wwwroot/001.shanxi0357.cn/application/api/controller/Collection.php ]
[ info ] [ DB ] INIT mysql
[ info ] [ LOG ] INIT File
---------------------------------------------------------------
[ 2023-09-15T23:37:02+08:00 ] 123.206.57.217 GET 001.shanxi0357.cn/api/Collection
[运行时间：1.197716s] [吞吐率：0.83req/s] [内存消耗：6,247.68kb] [文件加载：144]
[ info ] [ BEHAVIOR ] Run Closure @app_init [ RunTime:0.000036s ]
[ info ] [ CACHE ] INIT File
[ info ] [ BEHAVIOR ] Run Closure @app_init [ RunTime:0.002500s ]
[ info ] [ BEHAVIOR ] Run app\common\behavior\Common @app_init [ RunTime:0.001054s ]
[ info ] [ LANG ] /www/wwwroot/001.shanxi0357.cn/thinkphp/lang/zh-cn.php
[ info ] [ BEHAVIOR ] Run app\common\behavior\Common @app_dispatch [ RunTime:0.000043s ]
[ info ] [ ROUTE ] array (
  'type' => 'module',
  'module' => 
  array (
    0 => 'api',
    1 => 'Collection',
    2 => NULL,
  ),
)
[ info ] [ HEADER ] array (
  'accept' => '*/*',
  'user-agent' => 'curl/7.61.1',
  'host' => '001.shanxi0357.cn',
  'content-length' => '',
  'content-type' => '',
)
[ info ] [ PARAM ] array (
)
[ info ] [ LANG ] /www/wwwroot/001.shanxi0357.cn/public/../application/api/lang/zh-cn.php
[ info ] [ BEHAVIOR ] Run app\common\behavior\Common @module_init [ RunTime:0.002439s ]
[ info ] [ RUN ] app\api\controller\Collection->index[ /www/wwwroot/001.shanxi0357.cn/application/api/controller/Collection.php ]
[ info ] [ DB ] INIT mysql
[ info ] [ LOG ] INIT File
---------------------------------------------------------------
[ 2023-09-15T23:38:03+08:00 ] 123.206.57.217 GET 001.shanxi0357.cn/api/Collection
[运行时间：1.435553s] [吞吐率：0.70req/s] [内存消耗：6,247.68kb] [文件加载：144]
[ info ] [ BEHAVIOR ] Run Closure @app_init [ RunTime:0.000044s ]
[ info ] [ CACHE ] INIT File
[ info ] [ BEHAVIOR ] Run Closure @app_init [ RunTime:0.002810s ]
[ info ] [ BEHAVIOR ] Run app\common\behavior\Common @app_init [ RunTime:0.000945s ]
[ info ] [ LANG ] /www/wwwroot/001.shanxi0357.cn/thinkphp/lang/zh-cn.php
[ info ] [ BEHAVIOR ] Run app\common\behavior\Common @app_dispatch [ RunTime:0.000051s ]
[ info ] [ ROUTE ] array (
  'type' => 'module',
  'module' => 
  array (
    0 => 'api',
    1 => 'Collection',
    2 => NULL,
  ),
)
[ info ] [ HEADER ] array (
  'accept' => '*/*',
  'user-agent' => 'curl/7.61.1',
  'host' => '001.shanxi0357.cn',
  'content-length' => '',
  'content-type' => '',
)
[ info ] [ PARAM ] array (
)
[ info ] [ LANG ] /www/wwwroot/001.shanxi0357.cn/public/../application/api/lang/zh-cn.php
[ info ] [ BEHAVIOR ] Run app\common\behavior\Common @module_init [ RunTime:0.002327s ]
[ info ] [ RUN ] app\api\controller\Collection->index[ /www/wwwroot/001.shanxi0357.cn/application/api/controller/Collection.php ]
[ info ] [ DB ] INIT mysql
[ info ] [ LOG ] INIT File
---------------------------------------------------------------
[ 2023-09-15T23:39:02+08:00 ] 123.206.57.217 GET 001.shanxi0357.cn/api/Collection
[运行时间：1.285707s] [吞吐率：0.78req/s] [内存消耗：6,247.68kb] [文件加载：144]
[ info ] [ BEHAVIOR ] Run Closure @app_init [ RunTime:0.000030s ]
[ info ] [ CACHE ] INIT File
[ info ] [ BEHAVIOR ] Run Closure @app_init [ RunTime:0.002525s ]
[ info ] [ BEHAVIOR ] Run app\common\behavior\Common @app_init [ RunTime:0.000962s ]
[ info ] [ LANG ] /www/wwwroot/001.shanxi0357.cn/thinkphp/lang/zh-cn.php
[ info ] [ BEHAVIOR ] Run app\common\behavior\Common @app_dispatch [ RunTime:0.000040s ]
[ info ] [ ROUTE ] array (
  'type' => 'module',
  'module' => 
  array (
    0 => 'api',
    1 => 'Collection',
    2 => NULL,
  ),
)
[ info ] [ HEADER ] array (
  'accept' => '*/*',
  'user-agent' => 'curl/7.61.1',
  'host' => '001.shanxi0357.cn',
  'content-length' => '',
  'content-type' => '',
)
[ info ] [ PARAM ] array (
)
[ info ] [ LANG ] /www/wwwroot/001.shanxi0357.cn/public/../application/api/lang/zh-cn.php
[ info ] [ BEHAVIOR ] Run app\common\behavior\Common @module_init [ RunTime:0.002331s ]
[ info ] [ RUN ] app\api\controller\Collection->index[ /www/wwwroot/001.shanxi0357.cn/application/api/controller/Collection.php ]
[ info ] [ DB ] INIT mysql
[ info ] [ LOG ] INIT File
---------------------------------------------------------------
[ 2023-09-15T23:40:03+08:00 ] 123.206.57.217 GET 001.shanxi0357.cn/api/Collection
[运行时间：1.194230s] [吞吐率：0.84req/s] [内存消耗：6,247.68kb] [文件加载：144]
[ info ] [ BEHAVIOR ] Run Closure @app_init [ RunTime:0.000035s ]
[ info ] [ CACHE ] INIT File
[ info ] [ BEHAVIOR ] Run Closure @app_init [ RunTime:0.002551s ]
[ info ] [ BEHAVIOR ] Run app\common\behavior\Common @app_init [ RunTime:0.000887s ]
[ info ] [ LANG ] /www/wwwroot/001.shanxi0357.cn/thinkphp/lang/zh-cn.php
[ info ] [ BEHAVIOR ] Run app\common\behavior\Common @app_dispatch [ RunTime:0.000047s ]
[ info ] [ ROUTE ] array (
  'type' => 'module',
  'module' => 
  array (
    0 => 'api',
    1 => 'Collection',
    2 => NULL,
  ),
)
[ info ] [ HEADER ] array (
  'accept' => '*/*',
  'user-agent' => 'curl/7.61.1',
  'host' => '001.shanxi0357.cn',
  'content-length' => '',
  'content-type' => '',
)
[ info ] [ PARAM ] array (
)
[ info ] [ LANG ] /www/wwwroot/001.shanxi0357.cn/public/../application/api/lang/zh-cn.php
[ info ] [ BEHAVIOR ] Run app\common\behavior\Common @module_init [ RunTime:0.002266s ]
[ info ] [ RUN ] app\api\controller\Collection->index[ /www/wwwroot/001.shanxi0357.cn/application/api/controller/Collection.php ]
[ info ] [ DB ] INIT mysql
[ info ] [ LOG ] INIT File
---------------------------------------------------------------
[ 2023-09-15T23:41:02+08:00 ] 123.206.57.217 GET 001.shanxi0357.cn/api/Collection
[运行时间：1.128317s] [吞吐率：0.89req/s] [内存消耗：6,247.68kb] [文件加载：144]
[ info ] [ BEHAVIOR ] Run Closure @app_init [ RunTime:0.000036s ]
[ info ] [ CACHE ] INIT File
[ info ] [ BEHAVIOR ] Run Closure @app_init [ RunTime:0.002671s ]
[ info ] [ BEHAVIOR ] Run app\common\behavior\Common @app_init [ RunTime:0.001021s ]
[ info ] [ LANG ] /www/wwwroot/001.shanxi0357.cn/thinkphp/lang/zh-cn.php
[ info ] [ BEHAVIOR ] Run app\common\behavior\Common @app_dispatch [ RunTime:0.000047s ]
[ info ] [ ROUTE ] array (
  'type' => 'module',
  'module' => 
  array (
    0 => 'api',
    1 => 'Collection',
    2 => NULL,
  ),
)
[ info ] [ HEADER ] array (
  'accept' => '*/*',
  'user-agent' => 'curl/7.61.1',
  'host' => '001.shanxi0357.cn',
  'content-length' => '',
  'content-type' => '',
)
[ info ] [ PARAM ] array (
)
[ info ] [ LANG ] /www/wwwroot/001.shanxi0357.cn/public/../application/api/lang/zh-cn.php
[ info ] [ BEHAVIOR ] Run app\common\behavior\Common @module_init [ RunTime:0.002575s ]
[ info ] [ RUN ] app\api\controller\Collection->index[ /www/wwwroot/001.shanxi0357.cn/application/api/controller/Collection.php ]
[ info ] [ DB ] INIT mysql
[ info ] [ LOG ] INIT File
---------------------------------------------------------------
[ 2023-09-15T23:42:03+08:00 ] 123.206.57.217 GET 001.shanxi0357.cn/api/Collection
[运行时间：1.106293s] [吞吐率：0.90req/s] [内存消耗：6,247.68kb] [文件加载：144]
[ info ] [ BEHAVIOR ] Run Closure @app_init [ RunTime:0.000033s ]
[ info ] [ CACHE ] INIT File
[ info ] [ BEHAVIOR ] Run Closure @app_init [ RunTime:0.002507s ]
[ info ] [ BEHAVIOR ] Run app\common\behavior\Common @app_init [ RunTime:0.000882s ]
[ info ] [ LANG ] /www/wwwroot/001.shanxi0357.cn/thinkphp/lang/zh-cn.php
[ info ] [ BEHAVIOR ] Run app\common\behavior\Common @app_dispatch [ RunTime:0.000039s ]
[ info ] [ ROUTE ] array (
  'type' => 'module',
  'module' => 
  array (
    0 => 'api',
    1 => 'Collection',
    2 => NULL,
  ),
)
[ info ] [ HEADER ] array (
  'accept' => '*/*',
  'user-agent' => 'curl/7.61.1',
  'host' => '001.shanxi0357.cn',
  'content-length' => '',
  'content-type' => '',
)
[ info ] [ PARAM ] array (
)
[ info ] [ LANG ] /www/wwwroot/001.shanxi0357.cn/public/../application/api/lang/zh-cn.php
[ info ] [ BEHAVIOR ] Run app\common\behavior\Common @module_init [ RunTime:0.002280s ]
[ info ] [ RUN ] app\api\controller\Collection->index[ /www/wwwroot/001.shanxi0357.cn/application/api/controller/Collection.php ]
[ info ] [ DB ] INIT mysql
[ info ] [ LOG ] INIT File
---------------------------------------------------------------
[ 2023-09-15T23:43:02+08:00 ] 123.206.57.217 GET 001.shanxi0357.cn/api/Collection
[运行时间：0.872108s] [吞吐率：1.15req/s] [内存消耗：6,247.68kb] [文件加载：144]
[ info ] [ BEHAVIOR ] Run Closure @app_init [ RunTime:0.000047s ]
[ info ] [ CACHE ] INIT File
[ info ] [ BEHAVIOR ] Run Closure @app_init [ RunTime:0.002851s ]
[ info ] [ BEHAVIOR ] Run app\common\behavior\Common @app_init [ RunTime:0.000954s ]
[ info ] [ LANG ] /www/wwwroot/001.shanxi0357.cn/thinkphp/lang/zh-cn.php
[ info ] [ BEHAVIOR ] Run app\common\behavior\Common @app_dispatch [ RunTime:0.000042s ]
[ info ] [ ROUTE ] array (
  'type' => 'module',
  'module' => 
  array (
    0 => 'api',
    1 => 'Collection',
    2 => NULL,
  ),
)
[ info ] [ HEADER ] array (
  'accept' => '*/*',
  'user-agent' => 'curl/7.61.1',
  'host' => '001.shanxi0357.cn',
  'content-length' => '',
  'content-type' => '',
)
[ info ] [ PARAM ] array (
)
[ info ] [ LANG ] /www/wwwroot/001.shanxi0357.cn/public/../application/api/lang/zh-cn.php
[ info ] [ BEHAVIOR ] Run app\common\behavior\Common @module_init [ RunTime:0.002304s ]
[ info ] [ RUN ] app\api\controller\Collection->index[ /www/wwwroot/001.shanxi0357.cn/application/api/controller/Collection.php ]
[ info ] [ DB ] INIT mysql
[ info ] [ LOG ] INIT File
---------------------------------------------------------------
[ 2023-09-15T23:44:02+08:00 ] 123.206.57.217 GET 001.shanxi0357.cn/api/Collection
[运行时间：1.173157s] [吞吐率：0.85req/s] [内存消耗：6,247.68kb] [文件加载：144]
[ info ] [ BEHAVIOR ] Run Closure @app_init [ RunTime:0.000035s ]
[ info ] [ CACHE ] INIT File
[ info ] [ BEHAVIOR ] Run Closure @app_init [ RunTime:0.002683s ]
[ info ] [ BEHAVIOR ] Run app\common\behavior\Common @app_init [ RunTime:0.001043s ]
[ info ] [ LANG ] /www/wwwroot/001.shanxi0357.cn/thinkphp/lang/zh-cn.php
[ info ] [ BEHAVIOR ] Run app\common\behavior\Common @app_dispatch [ RunTime:0.000044s ]
[ info ] [ ROUTE ] array (
  'type' => 'module',
  'module' => 
  array (
    0 => 'api',
    1 => 'Collection',
    2 => NULL,
  ),
)
[ info ] [ HEADER ] array (
  'accept' => '*/*',
  'user-agent' => 'curl/7.61.1',
  'host' => '001.shanxi0357.cn',
  'content-length' => '',
  'content-type' => '',
)
[ info ] [ PARAM ] array (
)
[ info ] [ LANG ] /www/wwwroot/001.shanxi0357.cn/public/../application/api/lang/zh-cn.php
[ info ] [ BEHAVIOR ] Run app\common\behavior\Common @module_init [ RunTime:0.002264s ]
[ info ] [ RUN ] app\api\controller\Collection->index[ /www/wwwroot/001.shanxi0357.cn/application/api/controller/Collection.php ]
[ info ] [ DB ] INIT mysql
[ info ] [ LOG ] INIT File
---------------------------------------------------------------
[ 2023-09-15T23:45:03+08:00 ] 123.206.57.217 GET 001.shanxi0357.cn/api/Collection
[运行时间：0.963636s] [吞吐率：1.04req/s] [内存消耗：6,247.68kb] [文件加载：144]
[ info ] [ BEHAVIOR ] Run Closure @app_init [ RunTime:0.000039s ]
[ info ] [ CACHE ] INIT File
[ info ] [ BEHAVIOR ] Run Closure @app_init [ RunTime:0.003368s ]
[ info ] [ BEHAVIOR ] Run app\common\behavior\Common @app_init [ RunTime:0.001531s ]
[ info ] [ LANG ] /www/wwwroot/001.shanxi0357.cn/thinkphp/lang/zh-cn.php
[ info ] [ BEHAVIOR ] Run app\common\behavior\Common @app_dispatch [ RunTime:0.000053s ]
[ info ] [ ROUTE ] array (
  'type' => 'module',
  'module' => 
  array (
    0 => 'api',
    1 => 'Collection',
    2 => NULL,
  ),
)
[ info ] [ HEADER ] array (
  'accept' => '*/*',
  'user-agent' => 'curl/7.61.1',
  'host' => '001.shanxi0357.cn',
  'content-length' => '',
  'content-type' => '',
)
[ info ] [ PARAM ] array (
)
[ info ] [ LANG ] /www/wwwroot/001.shanxi0357.cn/public/../application/api/lang/zh-cn.php
[ info ] [ BEHAVIOR ] Run app\common\behavior\Common @module_init [ RunTime:0.003017s ]
[ info ] [ RUN ] app\api\controller\Collection->index[ /www/wwwroot/001.shanxi0357.cn/application/api/controller/Collection.php ]
[ info ] [ DB ] INIT mysql
[ info ] [ LOG ] INIT File
---------------------------------------------------------------
[ 2023-09-15T23:46:02+08:00 ] 123.206.57.217 GET 001.shanxi0357.cn/api/Collection
[运行时间：1.260191s] [吞吐率：0.79req/s] [内存消耗：6,247.68kb] [文件加载：144]
[ info ] [ BEHAVIOR ] Run Closure @app_init [ RunTime:0.000034s ]
[ info ] [ CACHE ] INIT File
[ info ] [ BEHAVIOR ] Run Closure @app_init [ RunTime:0.002758s ]
[ info ] [ BEHAVIOR ] Run app\common\behavior\Common @app_init [ RunTime:0.001013s ]
[ info ] [ LANG ] /www/wwwroot/001.shanxi0357.cn/thinkphp/lang/zh-cn.php
[ info ] [ BEHAVIOR ] Run app\common\behavior\Common @app_dispatch [ RunTime:0.000046s ]
[ info ] [ ROUTE ] array (
  'type' => 'module',
  'module' => 
  array (
    0 => 'api',
    1 => 'Collection',
    2 => NULL,
  ),
)
[ info ] [ HEADER ] array (
  'accept' => '*/*',
  'user-agent' => 'curl/7.61.1',
  'host' => '001.shanxi0357.cn',
  'content-length' => '',
  'content-type' => '',
)
[ info ] [ PARAM ] array (
)
[ info ] [ LANG ] /www/wwwroot/001.shanxi0357.cn/public/../application/api/lang/zh-cn.php
[ info ] [ BEHAVIOR ] Run app\common\behavior\Common @module_init [ RunTime:0.002314s ]
[ info ] [ RUN ] app\api\controller\Collection->index[ /www/wwwroot/001.shanxi0357.cn/application/api/controller/Collection.php ]
[ info ] [ DB ] INIT mysql
[ info ] [ LOG ] INIT File
---------------------------------------------------------------
[ 2023-09-15T23:47:02+08:00 ] 123.206.57.217 GET 001.shanxi0357.cn/api/Collection
[运行时间：1.031677s] [吞吐率：0.97req/s] [内存消耗：6,247.68kb] [文件加载：144]
[ info ] [ BEHAVIOR ] Run Closure @app_init [ RunTime:0.000034s ]
[ info ] [ CACHE ] INIT File
[ info ] [ BEHAVIOR ] Run Closure @app_init [ RunTime:0.002421s ]
[ info ] [ BEHAVIOR ] Run app\common\behavior\Common @app_init [ RunTime:0.000998s ]
[ info ] [ LANG ] /www/wwwroot/001.shanxi0357.cn/thinkphp/lang/zh-cn.php
[ info ] [ BEHAVIOR ] Run app\common\behavior\Common @app_dispatch [ RunTime:0.000044s ]
[ info ] [ ROUTE ] array (
  'type' => 'module',
  'module' => 
  array (
    0 => 'api',
    1 => 'Collection',
    2 => NULL,
  ),
)
[ info ] [ HEADER ] array (
  'accept' => '*/*',
  'user-agent' => 'curl/7.61.1',
  'host' => '001.shanxi0357.cn',
  'content-length' => '',
  'content-type' => '',
)
[ info ] [ PARAM ] array (
)
[ info ] [ LANG ] /www/wwwroot/001.shanxi0357.cn/public/../application/api/lang/zh-cn.php
[ info ] [ BEHAVIOR ] Run app\common\behavior\Common @module_init [ RunTime:0.002517s ]
[ info ] [ RUN ] app\api\controller\Collection->index[ /www/wwwroot/001.shanxi0357.cn/application/api/controller/Collection.php ]
[ info ] [ DB ] INIT mysql
[ info ] [ LOG ] INIT File
---------------------------------------------------------------
[ 2023-09-15T23:48:03+08:00 ] 123.206.57.217 GET 001.shanxi0357.cn/api/Collection
[运行时间：1.242898s] [吞吐率：0.80req/s] [内存消耗：6,247.68kb] [文件加载：144]
[ info ] [ BEHAVIOR ] Run Closure @app_init [ RunTime:0.000032s ]
[ info ] [ CACHE ] INIT File
[ info ] [ BEHAVIOR ] Run Closure @app_init [ RunTime:0.002416s ]
[ info ] [ BEHAVIOR ] Run app\common\behavior\Common @app_init [ RunTime:0.000992s ]
[ info ] [ LANG ] /www/wwwroot/001.shanxi0357.cn/thinkphp/lang/zh-cn.php
[ info ] [ BEHAVIOR ] Run app\common\behavior\Common @app_dispatch [ RunTime:0.000040s ]
[ info ] [ ROUTE ] array (
  'type' => 'module',
  'module' => 
  array (
    0 => 'api',
    1 => 'Collection',
    2 => NULL,
  ),
)
[ info ] [ HEADER ] array (
  'accept' => '*/*',
  'user-agent' => 'curl/7.61.1',
  'host' => '001.shanxi0357.cn',
  'content-length' => '',
  'content-type' => '',
)
[ info ] [ PARAM ] array (
)
[ info ] [ LANG ] /www/wwwroot/001.shanxi0357.cn/public/../application/api/lang/zh-cn.php
[ info ] [ BEHAVIOR ] Run app\common\behavior\Common @module_init [ RunTime:0.002335s ]
[ info ] [ RUN ] app\api\controller\Collection->index[ /www/wwwroot/001.shanxi0357.cn/application/api/controller/Collection.php ]
[ info ] [ DB ] INIT mysql
[ info ] [ LOG ] INIT File
---------------------------------------------------------------
[ 2023-09-15T23:49:02+08:00 ] 123.206.57.217 GET 001.shanxi0357.cn/api/Collection
[运行时间：1.121221s] [吞吐率：0.89req/s] [内存消耗：6,247.68kb] [文件加载：144]
[ info ] [ BEHAVIOR ] Run Closure @app_init [ RunTime:0.000034s ]
[ info ] [ CACHE ] INIT File
[ info ] [ BEHAVIOR ] Run Closure @app_init [ RunTime:0.002542s ]
[ info ] [ BEHAVIOR ] Run app\common\behavior\Common @app_init [ RunTime:0.000995s ]
[ info ] [ LANG ] /www/wwwroot/001.shanxi0357.cn/thinkphp/lang/zh-cn.php
[ info ] [ BEHAVIOR ] Run app\common\behavior\Common @app_dispatch [ RunTime:0.000044s ]
[ info ] [ ROUTE ] array (
  'type' => 'module',
  'module' => 
  array (
    0 => 'api',
    1 => 'Collection',
    2 => NULL,
  ),
)
[ info ] [ HEADER ] array (
  'accept' => '*/*',
  'user-agent' => 'curl/7.61.1',
  'host' => '001.shanxi0357.cn',
  'content-length' => '',
  'content-type' => '',
)
[ info ] [ PARAM ] array (
)
[ info ] [ LANG ] /www/wwwroot/001.shanxi0357.cn/public/../application/api/lang/zh-cn.php
[ info ] [ BEHAVIOR ] Run app\common\behavior\Common @module_init [ RunTime:0.002377s ]
[ info ] [ RUN ] app\api\controller\Collection->index[ /www/wwwroot/001.shanxi0357.cn/application/api/controller/Collection.php ]
[ info ] [ DB ] INIT mysql
[ info ] [ LOG ] INIT File
---------------------------------------------------------------
[ 2023-09-15T23:50:03+08:00 ] 123.206.57.217 GET 001.shanxi0357.cn/api/Collection
[运行时间：1.198228s] [吞吐率：0.83req/s] [内存消耗：6,247.68kb] [文件加载：144]
[ info ] [ BEHAVIOR ] Run Closure @app_init [ RunTime:0.000044s ]
[ info ] [ CACHE ] INIT File
[ info ] [ BEHAVIOR ] Run Closure @app_init [ RunTime:0.003784s ]
[ info ] [ BEHAVIOR ] Run app\common\behavior\Common @app_init [ RunTime:0.001314s ]
[ info ] [ LANG ] /www/wwwroot/001.shanxi0357.cn/thinkphp/lang/zh-cn.php
[ info ] [ BEHAVIOR ] Run app\common\behavior\Common @app_dispatch [ RunTime:0.000057s ]
[ info ] [ ROUTE ] array (
  'type' => 'module',
  'module' => 
  array (
    0 => 'api',
    1 => 'Collection',
    2 => NULL,
  ),
)
[ info ] [ HEADER ] array (
  'accept' => '*/*',
  'user-agent' => 'curl/7.61.1',
  'host' => '001.shanxi0357.cn',
  'content-length' => '',
  'content-type' => '',
)
[ info ] [ PARAM ] array (
)
[ info ] [ LANG ] /www/wwwroot/001.shanxi0357.cn/public/../application/api/lang/zh-cn.php
[ info ] [ BEHAVIOR ] Run app\common\behavior\Common @module_init [ RunTime:0.003403s ]
[ info ] [ RUN ] app\api\controller\Collection->index[ /www/wwwroot/001.shanxi0357.cn/application/api/controller/Collection.php ]
[ info ] [ DB ] INIT mysql
[ info ] [ LOG ] INIT File
---------------------------------------------------------------
[ 2023-09-15T23:51:03+08:00 ] 123.206.57.217 GET 001.shanxi0357.cn/api/Collection
[运行时间：1.474822s] [吞吐率：0.68req/s] [内存消耗：6,247.68kb] [文件加载：144]
[ info ] [ BEHAVIOR ] Run Closure @app_init [ RunTime:0.000035s ]
[ info ] [ CACHE ] INIT File
[ info ] [ BEHAVIOR ] Run Closure @app_init [ RunTime:0.002520s ]
[ info ] [ BEHAVIOR ] Run app\common\behavior\Common @app_init [ RunTime:0.001042s ]
[ info ] [ LANG ] /www/wwwroot/001.shanxi0357.cn/thinkphp/lang/zh-cn.php
[ info ] [ BEHAVIOR ] Run app\common\behavior\Common @app_dispatch [ RunTime:0.000043s ]
[ info ] [ ROUTE ] array (
  'type' => 'module',
  'module' => 
  array (
    0 => 'api',
    1 => 'Collection',
    2 => NULL,
  ),
)
[ info ] [ HEADER ] array (
  'accept' => '*/*',
  'user-agent' => 'curl/7.61.1',
  'host' => '001.shanxi0357.cn',
  'content-length' => '',
  'content-type' => '',
)
[ info ] [ PARAM ] array (
)
[ info ] [ LANG ] /www/wwwroot/001.shanxi0357.cn/public/../application/api/lang/zh-cn.php
[ info ] [ BEHAVIOR ] Run app\common\behavior\Common @module_init [ RunTime:0.002262s ]
[ info ] [ RUN ] app\api\controller\Collection->index[ /www/wwwroot/001.shanxi0357.cn/application/api/controller/Collection.php ]
[ info ] [ DB ] INIT mysql
[ info ] [ LOG ] INIT File
---------------------------------------------------------------
[ 2023-09-15T23:52:03+08:00 ] 123.206.57.217 GET 001.shanxi0357.cn/api/Collection
[运行时间：1.088141s] [吞吐率：0.92req/s] [内存消耗：6,247.68kb] [文件加载：144]
[ info ] [ BEHAVIOR ] Run Closure @app_init [ RunTime:0.000031s ]
[ info ] [ CACHE ] INIT File
[ info ] [ BEHAVIOR ] Run Closure @app_init [ RunTime:0.002526s ]
[ info ] [ BEHAVIOR ] Run app\common\behavior\Common @app_init [ RunTime:0.000949s ]
[ info ] [ LANG ] /www/wwwroot/001.shanxi0357.cn/thinkphp/lang/zh-cn.php
[ info ] [ BEHAVIOR ] Run app\common\behavior\Common @app_dispatch [ RunTime:0.000049s ]
[ info ] [ ROUTE ] array (
  'type' => 'module',
  'module' => 
  array (
    0 => 'api',
    1 => 'Collection',
    2 => NULL,
  ),
)
[ info ] [ HEADER ] array (
  'accept' => '*/*',
  'user-agent' => 'curl/7.61.1',
  'host' => '001.shanxi0357.cn',
  'content-length' => '',
  'content-type' => '',
)
[ info ] [ PARAM ] array (
)
[ info ] [ LANG ] /www/wwwroot/001.shanxi0357.cn/public/../application/api/lang/zh-cn.php
[ info ] [ BEHAVIOR ] Run app\common\behavior\Common @module_init [ RunTime:0.002335s ]
[ info ] [ RUN ] app\api\controller\Collection->index[ /www/wwwroot/001.shanxi0357.cn/application/api/controller/Collection.php ]
[ info ] [ DB ] INIT mysql
[ info ] [ LOG ] INIT File
---------------------------------------------------------------
[ 2023-09-15T23:53:02+08:00 ] 123.206.57.217 GET 001.shanxi0357.cn/api/Collection
[运行时间：1.097536s] [吞吐率：0.91req/s] [内存消耗：6,247.68kb] [文件加载：144]
[ info ] [ BEHAVIOR ] Run Closure @app_init [ RunTime:0.000037s ]
[ info ] [ CACHE ] INIT File
[ info ] [ BEHAVIOR ] Run Closure @app_init [ RunTime:0.002434s ]
[ info ] [ BEHAVIOR ] Run app\common\behavior\Common @app_init [ RunTime:0.000959s ]
[ info ] [ LANG ] /www/wwwroot/001.shanxi0357.cn/thinkphp/lang/zh-cn.php
[ info ] [ BEHAVIOR ] Run app\common\behavior\Common @app_dispatch [ RunTime:0.000045s ]
[ info ] [ ROUTE ] array (
  'type' => 'module',
  'module' => 
  array (
    0 => 'api',
    1 => 'Collection',
    2 => NULL,
  ),
)
[ info ] [ HEADER ] array (
  'accept' => '*/*',
  'user-agent' => 'curl/7.61.1',
  'host' => '001.shanxi0357.cn',
  'content-length' => '',
  'content-type' => '',
)
[ info ] [ PARAM ] array (
)
[ info ] [ LANG ] /www/wwwroot/001.shanxi0357.cn/public/../application/api/lang/zh-cn.php
[ info ] [ BEHAVIOR ] Run app\common\behavior\Common @module_init [ RunTime:0.002439s ]
[ info ] [ RUN ] app\api\controller\Collection->index[ /www/wwwroot/001.shanxi0357.cn/application/api/controller/Collection.php ]
[ info ] [ DB ] INIT mysql
[ info ] [ LOG ] INIT File
---------------------------------------------------------------
[ 2023-09-15T23:54:03+08:00 ] 123.206.57.217 GET 001.shanxi0357.cn/api/Collection
[运行时间：1.281281s] [吞吐率：0.78req/s] [内存消耗：6,247.68kb] [文件加载：144]
[ info ] [ BEHAVIOR ] Run Closure @app_init [ RunTime:0.000035s ]
[ info ] [ CACHE ] INIT File
[ info ] [ BEHAVIOR ] Run Closure @app_init [ RunTime:0.002531s ]
[ info ] [ BEHAVIOR ] Run app\common\behavior\Common @app_init [ RunTime:0.001074s ]
[ info ] [ LANG ] /www/wwwroot/001.shanxi0357.cn/thinkphp/lang/zh-cn.php
[ info ] [ BEHAVIOR ] Run app\common\behavior\Common @app_dispatch [ RunTime:0.000043s ]
[ info ] [ ROUTE ] array (
  'type' => 'module',
  'module' => 
  array (
    0 => 'api',
    1 => 'Collection',
    2 => NULL,
  ),
)
[ info ] [ HEADER ] array (
  'accept' => '*/*',
  'user-agent' => 'curl/7.61.1',
  'host' => '001.shanxi0357.cn',
  'content-length' => '',
  'content-type' => '',
)
[ info ] [ PARAM ] array (
)
[ info ] [ LANG ] /www/wwwroot/001.shanxi0357.cn/public/../application/api/lang/zh-cn.php
[ info ] [ BEHAVIOR ] Run app\common\behavior\Common @module_init [ RunTime:0.002258s ]
[ info ] [ RUN ] app\api\controller\Collection->index[ /www/wwwroot/001.shanxi0357.cn/application/api/controller/Collection.php ]
[ info ] [ DB ] INIT mysql
[ info ] [ LOG ] INIT File
---------------------------------------------------------------
[ 2023-09-15T23:55:03+08:00 ] 123.206.57.217 GET 001.shanxi0357.cn/api/Collection
[运行时间：1.314708s] [吞吐率：0.76req/s] [内存消耗：6,247.68kb] [文件加载：144]
[ info ] [ BEHAVIOR ] Run Closure @app_init [ RunTime:0.000044s ]
[ info ] [ CACHE ] INIT File
[ info ] [ BEHAVIOR ] Run Closure @app_init [ RunTime:0.003392s ]
[ info ] [ BEHAVIOR ] Run app\common\behavior\Common @app_init [ RunTime:0.001423s ]
[ info ] [ LANG ] /www/wwwroot/001.shanxi0357.cn/thinkphp/lang/zh-cn.php
[ info ] [ BEHAVIOR ] Run app\common\behavior\Common @app_dispatch [ RunTime:0.000055s ]
[ info ] [ ROUTE ] array (
  'type' => 'module',
  'module' => 
  array (
    0 => 'api',
    1 => 'Collection',
    2 => NULL,
  ),
)
[ info ] [ HEADER ] array (
  'accept' => '*/*',
  'user-agent' => 'curl/7.61.1',
  'host' => '001.shanxi0357.cn',
  'content-length' => '',
  'content-type' => '',
)
[ info ] [ PARAM ] array (
)
[ info ] [ LANG ] /www/wwwroot/001.shanxi0357.cn/public/../application/api/lang/zh-cn.php
[ info ] [ BEHAVIOR ] Run app\common\behavior\Common @module_init [ RunTime:0.003116s ]
[ info ] [ RUN ] app\api\controller\Collection->index[ /www/wwwroot/001.shanxi0357.cn/application/api/controller/Collection.php ]
[ info ] [ DB ] INIT mysql
[ info ] [ LOG ] INIT File
---------------------------------------------------------------
[ 2023-09-15T23:56:02+08:00 ] 123.206.57.217 GET 001.shanxi0357.cn/api/Collection
[运行时间：1.010369s] [吞吐率：0.99req/s] [内存消耗：6,247.68kb] [文件加载：144]
[ info ] [ BEHAVIOR ] Run Closure @app_init [ RunTime:0.000041s ]
[ info ] [ CACHE ] INIT File
[ info ] [ BEHAVIOR ] Run Closure @app_init [ RunTime:0.002700s ]
[ info ] [ BEHAVIOR ] Run app\common\behavior\Common @app_init [ RunTime:0.001010s ]
[ info ] [ LANG ] /www/wwwroot/001.shanxi0357.cn/thinkphp/lang/zh-cn.php
[ info ] [ BEHAVIOR ] Run app\common\behavior\Common @app_dispatch [ RunTime:0.000047s ]
[ info ] [ ROUTE ] array (
  'type' => 'module',
  'module' => 
  array (
    0 => 'api',
    1 => 'Collection',
    2 => NULL,
  ),
)
[ info ] [ HEADER ] array (
  'accept' => '*/*',
  'user-agent' => 'curl/7.61.1',
  'host' => '001.shanxi0357.cn',
  'content-length' => '',
  'content-type' => '',
)
[ info ] [ PARAM ] array (
)
[ info ] [ LANG ] /www/wwwroot/001.shanxi0357.cn/public/../application/api/lang/zh-cn.php
[ info ] [ BEHAVIOR ] Run app\common\behavior\Common @module_init [ RunTime:0.002328s ]
[ info ] [ RUN ] app\api\controller\Collection->index[ /www/wwwroot/001.shanxi0357.cn/application/api/controller/Collection.php ]
[ info ] [ DB ] INIT mysql
[ info ] [ LOG ] INIT File
---------------------------------------------------------------
[ 2023-09-15T23:57:03+08:00 ] 123.206.57.217 GET 001.shanxi0357.cn/api/Collection
[运行时间：1.493835s] [吞吐率：0.67req/s] [内存消耗：6,247.68kb] [文件加载：144]
[ info ] [ BEHAVIOR ] Run Closure @app_init [ RunTime:0.000035s ]
[ info ] [ CACHE ] INIT File
[ info ] [ BEHAVIOR ] Run Closure @app_init [ RunTime:0.002727s ]
[ info ] [ BEHAVIOR ] Run app\common\behavior\Common @app_init [ RunTime:0.000969s ]
[ info ] [ LANG ] /www/wwwroot/001.shanxi0357.cn/thinkphp/lang/zh-cn.php
[ info ] [ BEHAVIOR ] Run app\common\behavior\Common @app_dispatch [ RunTime:0.000040s ]
[ info ] [ ROUTE ] array (
  'type' => 'module',
  'module' => 
  array (
    0 => 'api',
    1 => 'Collection',
    2 => NULL,
  ),
)
[ info ] [ HEADER ] array (
  'accept' => '*/*',
  'user-agent' => 'curl/7.61.1',
  'host' => '001.shanxi0357.cn',
  'content-length' => '',
  'content-type' => '',
)
[ info ] [ PARAM ] array (
)
[ info ] [ LANG ] /www/wwwroot/001.shanxi0357.cn/public/../application/api/lang/zh-cn.php
[ info ] [ BEHAVIOR ] Run app\common\behavior\Common @module_init [ RunTime:0.002483s ]
[ info ] [ RUN ] app\api\controller\Collection->index[ /www/wwwroot/001.shanxi0357.cn/application/api/controller/Collection.php ]
[ info ] [ DB ] INIT mysql
[ info ] [ LOG ] INIT File
---------------------------------------------------------------
[ 2023-09-15T23:58:02+08:00 ] 123.206.57.217 GET 001.shanxi0357.cn/api/Collection
[运行时间：1.092269s] [吞吐率：0.92req/s] [内存消耗：6,247.68kb] [文件加载：144]
[ info ] [ BEHAVIOR ] Run Closure @app_init [ RunTime:0.000045s ]
[ info ] [ CACHE ] INIT File
[ info ] [ BEHAVIOR ] Run Closure @app_init [ RunTime:0.002637s ]
[ info ] [ BEHAVIOR ] Run app\common\behavior\Common @app_init [ RunTime:0.000964s ]
[ info ] [ LANG ] /www/wwwroot/001.shanxi0357.cn/thinkphp/lang/zh-cn.php
[ info ] [ BEHAVIOR ] Run app\common\behavior\Common @app_dispatch [ RunTime:0.000043s ]
[ info ] [ ROUTE ] array (
  'type' => 'module',
  'module' => 
  array (
    0 => 'api',
    1 => 'Collection',
    2 => NULL,
  ),
)
[ info ] [ HEADER ] array (
  'accept' => '*/*',
  'user-agent' => 'curl/7.61.1',
  'host' => '001.shanxi0357.cn',
  'content-length' => '',
  'content-type' => '',
)
[ info ] [ PARAM ] array (
)
[ info ] [ LANG ] /www/wwwroot/001.shanxi0357.cn/public/../application/api/lang/zh-cn.php
[ info ] [ BEHAVIOR ] Run app\common\behavior\Common @module_init [ RunTime:0.002619s ]
[ info ] [ RUN ] app\api\controller\Collection->index[ /www/wwwroot/001.shanxi0357.cn/application/api/controller/Collection.php ]
[ info ] [ DB ] INIT mysql
[ info ] [ LOG ] INIT File
---------------------------------------------------------------
[ 2023-09-15T23:59:03+08:00 ] 123.206.57.217 GET 001.shanxi0357.cn/api/Collection
[运行时间：1.396860s] [吞吐率：0.72req/s] [内存消耗：6,247.68kb] [文件加载：144]
[ info ] [ BEHAVIOR ] Run Closure @app_init [ RunTime:0.000035s ]
[ info ] [ CACHE ] INIT File
[ info ] [ BEHAVIOR ] Run Closure @app_init [ RunTime:0.002576s ]
[ info ] [ BEHAVIOR ] Run app\common\behavior\Common @app_init [ RunTime:0.001072s ]
[ info ] [ LANG ] /www/wwwroot/001.shanxi0357.cn/thinkphp/lang/zh-cn.php
[ info ] [ BEHAVIOR ] Run app\common\behavior\Common @app_dispatch [ RunTime:0.000054s ]
[ info ] [ ROUTE ] array (
  'type' => 'module',
  'module' => 
  array (
    0 => 'api',
    1 => 'Collection',
    2 => NULL,
  ),
)
[ info ] [ HEADER ] array (
  'accept' => '*/*',
  'user-agent' => 'curl/7.61.1',
  'host' => '001.shanxi0357.cn',
  'content-length' => '',
  'content-type' => '',
)
[ info ] [ PARAM ] array (
)
[ info ] [ LANG ] /www/wwwroot/001.shanxi0357.cn/public/../application/api/lang/zh-cn.php
[ info ] [ BEHAVIOR ] Run app\common\behavior\Common @module_init [ RunTime:0.002290s ]
[ info ] [ RUN ] app\api\controller\Collection->index[ /www/wwwroot/001.shanxi0357.cn/application/api/controller/Collection.php ]
[ info ] [ DB ] INIT mysql
[ info ] [ LOG ] INIT File
